<?xml version="1.0" encoding="UTF-8"?>
<coverage generated="1728831190559" clover="3.2.0">
  <project timestamp="1728831190560" name="All files">
    <metrics statements="20" coveredstatements="9" conditionals="0" coveredconditionals="0" methods="8" coveredmethods="2" elements="28" coveredelements="11" complexity="0" loc="20" ncloc="20" packages="1" files="4" classes="4"/>
    <file name="GameSaving.js" path="C:\Users\79095\OneDrive\Рабочий стол\homeworks\ajs-homeworks\Promises-async-await\src\GameSaving.js">
      <metrics statements="3" coveredstatements="3" conditionals="0" coveredconditionals="0" methods="1" coveredmethods="1"/>
      <line num="3" count="1" type="stmt"/>
      <line num="4" count="1" type="stmt"/>
      <line num="5" count="1" type="stmt"/>
    </file>
    <file name="GameSavingLoader.js" path="C:\Users\79095\OneDrive\Рабочий стол\homeworks\ajs-homeworks\Promises-async-await\src\GameSavingLoader.js">
      <metrics statements="6" coveredstatements="6" conditionals="0" coveredconditionals="0" methods="1" coveredmethods="1"/>
      <line num="7" count="2" type="stmt"/>
      <line num="8" count="2" type="stmt"/>
      <line num="9" count="1" type="stmt"/>
      <line num="10" count="1" type="stmt"/>
      <line num="11" count="1" type="stmt"/>
      <line num="13" count="1" type="stmt"/>
    </file>
    <file name="parser.js" path="C:\Users\79095\OneDrive\Рабочий стол\homeworks\ajs-homeworks\Promises-async-await\src\parser.js">
      <metrics statements="3" coveredstatements="0" conditionals="0" coveredconditionals="0" methods="3" coveredmethods="0"/>
      <line num="2" count="0" type="stmt"/>
      <line num="3" count="0" type="stmt"/>
      <line num="4" count="0" type="stmt"/>
    </file>
    <file name="reader.js" path="C:\Users\79095\OneDrive\Рабочий стол\homeworks\ajs-homeworks\Promises-async-await\src\reader.js">
      <metrics statements="8" coveredstatements="0" conditionals="0" coveredconditionals="0" methods="3" coveredmethods="0"/>
      <line num="2" count="0" type="stmt"/>
      <line num="3" count="0" type="stmt"/>
      <line num="4" count="0" type="stmt"/>
      <line num="5" count="0" type="stmt"/>
      <line num="6" count="0" type="stmt"/>
      <line num="7" count="0" type="stmt"/>
      <line num="8" count="0" type="stmt"/>
      <line num="10" count="0" type="stmt"/>
    </file>
  </project>
</coverage>
