{"C:\\Users\\79095\\OneDrive\\Рабочий стол\\homeworks\\ajs-homeworks\\Promises-async-await\\src\\GameSaving.js": {"path":"C:\\Users\\79095\\OneDrive\\Рабочий стол\\homeworks\\ajs-homeworks\\Promises-async-await\\src\\GameSaving.js","statementMap":{"0":{"start":{"line":3,"column":6},"end":{"line":3,"column":19}},"1":{"start":{"line":4,"column":6},"end":{"line":4,"column":29}},"2":{"start":{"line":5,"column":6},"end":{"line":5,"column":31}}},"fnMap":{"0":{"name":"(anonymous_0)","decl":{"start":{"line":2,"column":4},"end":{"line":2,"column":5}},"loc":{"start":{"line":2,"column":43},"end":{"line":6,"column":5}},"line":2}},"branchMap":{},"s":{"0":1,"1":1,"2":1},"f":{"0":1},"b":{},"_coverageSchema":"1a1c01bbd47fc00a2c39e90264f33305004495a9","hash":"85107e942e4a3cdc8c72b5f429089473f5f1e04a"}
,"C:\\Users\\79095\\OneDrive\\Рабочий стол\\homeworks\\ajs-homeworks\\Promises-async-await\\src\\GameSavingLoader.js": {"path":"C:\\Users\\79095\\OneDrive\\Рабочий стол\\homeworks\\ajs-homeworks\\Promises-async-await\\src\\GameSavingLoader.js","statementMap":{"0":{"start":{"line":7,"column":4},"end":{"line":14,"column":5}},"1":{"start":{"line":8,"column":19},"end":{"line":8,"column":31}},"2":{"start":{"line":9,"column":25},"end":{"line":9,"column":41}},"3":{"start":{"line":10,"column":25},"end":{"line":10,"column":47}},"4":{"start":{"line":11,"column":6},"end":{"line":11,"column":40}},"5":{"start":{"line":13,"column":6},"end":{"line":13,"column":56}}},"fnMap":{"0":{"name":"(anonymous_0)","decl":{"start":{"line":6,"column":2},"end":{"line":6,"column":3}},"loc":{"start":{"line":6,"column":22},"end":{"line":15,"column":3}},"line":6}},"branchMap":{},"s":{"0":2,"1":2,"2":1,"3":1,"4":1,"5":1},"f":{"0":2},"b":{},"_coverageSchema":"1a1c01bbd47fc00a2c39e90264f33305004495a9","hash":"fa495460bc1aa24cf4d2ef9f69a3c40ba5b71d19"}
,"C:\\Users\\79095\\OneDrive\\Рабочий стол\\homeworks\\ajs-homeworks\\Promises-async-await\\src\\parser.js": {"path":"C:\\Users\\79095\\OneDrive\\Рабочий стол\\homeworks\\ajs-homeworks\\Promises-async-await\\src\\parser.js","statementMap":{"0":{"start":{"line":2,"column":4},"end":{"line":6,"column":7}},"1":{"start":{"line":3,"column":6},"end":{"line":5,"column":14}},"2":{"start":{"line":4,"column":8},"end":{"line":4,"column":72}}},"fnMap":{"0":{"name":"json","decl":{"start":{"line":1,"column":24},"end":{"line":1,"column":28}},"loc":{"start":{"line":1,"column":35},"end":{"line":7,"column":3}},"line":1},"1":{"name":"(anonymous_1)","decl":{"start":{"line":2,"column":23},"end":{"line":2,"column":24}},"loc":{"start":{"line":2,"column":36},"end":{"line":6,"column":5}},"line":2},"2":{"name":"(anonymous_2)","decl":{"start":{"line":3,"column":17},"end":{"line":3,"column":18}},"loc":{"start":{"line":3,"column":23},"end":{"line":5,"column":7}},"line":3}},"branchMap":{},"s":{"0":0,"1":0,"2":0},"f":{"0":0,"1":0,"2":0},"b":{},"_coverageSchema":"1a1c01bbd47fc00a2c39e90264f33305004495a9","hash":"9c17d44ef70ffb120afb59f29325dd39d8e188c9"}
,"C:\\Users\\79095\\OneDrive\\Рабочий стол\\homeworks\\ajs-homeworks\\Promises-async-await\\src\\reader.js": {"path":"C:\\Users\\79095\\OneDrive\\Рабочий стол\\homeworks\\ajs-homeworks\\Promises-async-await\\src\\reader.js","statementMap":{"0":{"start":{"line":2,"column":4},"end":{"line":12,"column":7}},"1":{"start":{"line":3,"column":6},"end":{"line":11,"column":15}},"2":{"start":{"line":4,"column":21},"end":{"line":4,"column":113}},"3":{"start":{"line":5,"column":23},"end":{"line":5,"column":55}},"4":{"start":{"line":6,"column":27},"end":{"line":6,"column":50}},"5":{"start":{"line":7,"column":8},"end":{"line":9,"column":9}},"6":{"start":{"line":7,"column":21},"end":{"line":7,"column":22}},"7":{"start":{"line":8,"column":10},"end":{"line":8,"column":45}},"8":{"start":{"line":10,"column":8},"end":{"line":10,"column":24}}},"fnMap":{"0":{"name":"read","decl":{"start":{"line":1,"column":24},"end":{"line":1,"column":28}},"loc":{"start":{"line":1,"column":31},"end":{"line":13,"column":3}},"line":1},"1":{"name":"(anonymous_1)","decl":{"start":{"line":2,"column":23},"end":{"line":2,"column":24}},"loc":{"start":{"line":2,"column":36},"end":{"line":12,"column":5}},"line":2},"2":{"name":"(anonymous_2)","decl":{"start":{"line":3,"column":17},"end":{"line":3,"column":18}},"loc":{"start":{"line":3,"column":23},"end":{"line":11,"column":7}},"line":3}},"branchMap":{},"s":{"0":0,"1":0,"2":0,"3":0,"4":0,"5":0,"6":0,"7":0,"8":0},"f":{"0":0,"1":0,"2":0},"b":{},"_coverageSchema":"1a1c01bbd47fc00a2c39e90264f33305004495a9","hash":"4841c2e93add756cad261afc3b486557d764a808"}
}
